2024-06-22 16:08:02,598 :DEBUG : test_Booking :A debug statement is executed
2024-06-22 16:08:02,599 :INFO : test_Booking :Information statement
2024-06-22 16:08:02,599 :DEBUG : test_Booking :A debug statement is executed
2024-06-22 16:08:02,599 :WARNING : test_Booking :Something is in warning mode
2024-06-22 16:08:02,599 :ERROR : test_Booking :A Major error has happend
2024-06-22 16:08:02,600 :CRITICAL : test_Booking :Critical issue
2024-06-22 16:08:41,673 :DEBUG : test_Booking :A debug statement is executed
2024-06-22 16:08:41,673 :INFO : test_Booking :Information statement
2024-06-22 16:08:41,674 :DEBUG : test_Booking :A debug statement is executed
2024-06-22 16:08:41,674 :WARNING : test_Booking :Something is in warning mode
2024-06-22 16:08:41,674 :ERROR : test_Booking :A Major error has happend
2024-06-22 16:08:41,674 :CRITICAL : test_Booking :Critical issue
2024-06-22 16:12:08,871 :DEBUG : test_Booking :A debug statement is executed
2024-06-22 16:12:08,872 :INFO : test_Booking :Information statement
2024-06-22 16:12:08,872 :DEBUG : test_Booking :A debug statement is executed
2024-06-22 16:12:08,872 :WARNING : test_Booking :Something is in warning mode
2024-06-22 16:12:08,872 :ERROR : test_Booking :A Major error has happend
2024-06-22 16:12:08,872 :CRITICAL : test_Booking :Critical issue
2024-06-22 16:12:54,437 :DEBUG : test_Booking :A debug statement is executed
2024-06-22 16:12:54,438 :INFO : test_Booking :Information statement
2024-06-22 16:12:54,438 :DEBUG : test_Booking :A debug statement is executed
2024-06-22 16:12:54,438 :WARNING : test_Booking :Something is in warning mode
2024-06-22 16:12:54,438 :ERROR : test_Booking :A Major error has happend
2024-06-22 16:12:54,438 :CRITICAL : test_Booking :Critical issue
2024-06-22 22:24:17,593 :DEBUG : test_Booking :A debug statement is executed
2024-06-22 22:24:17,594 :INFO : test_Booking :Information statement
2024-06-22 22:24:17,594 :DEBUG : test_Booking :A debug statement is executed
2024-06-22 22:24:17,595 :WARNING : test_Booking :Something is in warning mode
2024-06-22 22:24:17,595 :ERROR : test_Booking :A Major error has happend
2024-06-22 22:24:17,595 :CRITICAL : test_Booking :Critical issue
2024-06-22 22:24:17,595 :INFO : test_Booking :clicking on the Booking icon
2024-06-22 22:24:18,673 :INFO : test_Booking :passed the name
2024-06-22 22:24:18,796 :INFO : test_Booking :passed the phone number
2024-06-22 22:24:18,916 :INFO : test_Booking :passed the email
2024-06-22 22:24:18,993 :INFO : test_Booking :passed the carname
2024-06-22 22:24:21,110 :INFO : test_Booking :passing the datefrom
2024-06-22 22:24:21,163 :INFO : test_Booking :passing the dateto
2024-06-22 22:24:23,423 :INFO : test_Booking :clicking submit
2024-06-22 22:34:37,469 :DEBUG : test_Booking :A debug statement is executed
2024-06-22 22:34:37,469 :INFO : test_Booking :Information statement
2024-06-22 22:34:37,470 :DEBUG : test_Booking :A debug statement is executed
2024-06-22 22:34:37,470 :WARNING : test_Booking :Something is in warning mode
2024-06-22 22:34:37,470 :ERROR : test_Booking :A Major error has happend
2024-06-22 22:34:37,470 :CRITICAL : test_Booking :Critical issue
2024-06-22 22:34:37,470 :INFO : test_Booking :clicking on the Booking icon
2024-06-22 22:34:37,954 :INFO : test_Booking :passed the name
2024-06-22 22:34:38,055 :INFO : test_Booking :passed the phone number
2024-06-22 22:34:38,200 :INFO : test_Booking :passed the email
2024-06-22 22:34:38,500 :INFO : test_Booking :passed the carname
2024-06-22 22:34:40,600 :INFO : test_Booking :passing the datefrom
2024-06-22 22:34:40,669 :INFO : test_Booking :passing the dateto
2024-06-22 22:34:42,844 :INFO : test_Booking :clicking submit
2024-06-22 22:44:34,444 :DEBUG : test_Booking :A debug statement is executed
2024-06-22 22:44:34,455 :INFO : test_Booking :Information statement
2024-06-22 22:44:34,456 :DEBUG : test_Booking :A debug statement is executed
2024-06-22 22:44:34,456 :WARNING : test_Booking :Something is in warning mode
2024-06-22 22:44:34,456 :ERROR : test_Booking :A Major error has happend
2024-06-22 22:44:34,456 :CRITICAL : test_Booking :Critical issue
2024-06-22 22:44:34,457 :INFO : test_Booking :clicking on the Booking icon
2024-06-22 22:44:35,347 :INFO : test_Booking :passed the name
2024-06-22 22:44:35,499 :INFO : test_Booking :passed the phone number
2024-06-22 22:44:35,759 :INFO : test_Booking :passed the email
2024-06-22 22:44:36,005 :INFO : test_Booking :passed the carname
2024-06-22 22:44:38,083 :INFO : test_Booking :passing the datefrom
2024-06-22 22:44:38,153 :INFO : test_Booking :passing the dateto
2024-06-22 22:44:40,361 :INFO : test_Booking :clicking submit
2024-06-22 23:02:17,323 :DEBUG : test_contact_us :A debug statement is executed
2024-06-22 23:02:17,324 :INFO : test_contact_us :Information statement
2024-06-22 23:02:17,325 :DEBUG : test_contact_us :A debug statement is executed
2024-06-22 23:02:17,325 :WARNING : test_contact_us :Something is in warning mode
2024-06-22 23:02:17,325 :ERROR : test_contact_us :A Major error has happend
2024-06-22 23:02:17,325 :CRITICAL : test_contact_us :Critical issue
2024-06-22 23:02:17,325 :INFO : test_contact_us :clicking on the Booking icon
2024-06-22 23:02:24,604 :INFO : test_contact_us :passed the Clientid
2024-06-22 23:02:24,717 :INFO : test_contact_us :passed the phone number
2024-06-22 23:02:24,802 :INFO : test_contact_us :passed the carproblem
2024-06-22 23:02:33,839 :INFO : test_contact_us :clicking submit
2024-06-23 11:22:01,196 :DEBUG : test_contact_us :A debug statement is executed
2024-06-23 11:22:01,196 :INFO : test_contact_us :Information statement
2024-06-23 11:22:01,197 :DEBUG : test_contact_us :A debug statement is executed
2024-06-23 11:22:01,198 :WARNING : test_contact_us :Something is in warning mode
2024-06-23 11:22:01,198 :ERROR : test_contact_us :A Major error has happend
2024-06-23 11:22:01,198 :CRITICAL : test_contact_us :Critical issue
2024-06-23 11:22:01,198 :INFO : test_contact_us :clicking on the Booking icon
2024-06-23 11:22:04,218 :INFO : test_contact_us :passed the Clientid
2024-06-23 11:22:04,372 :INFO : test_contact_us :passed the phone number
2024-06-23 11:22:04,535 :INFO : test_contact_us :passed the carproblem
2024-06-23 11:22:06,218 :INFO : test_contact_us :clicking submit
2024-06-23 11:22:24,831 :DEBUG : test_Booking :A debug statement is executed
2024-06-23 11:22:24,831 :INFO : test_Booking :Information statement
2024-06-23 11:22:24,831 :DEBUG : test_Booking :A debug statement is executed
2024-06-23 11:22:24,832 :WARNING : test_Booking :Something is in warning mode
2024-06-23 11:22:24,832 :ERROR : test_Booking :A Major error has happend
2024-06-23 11:22:24,833 :CRITICAL : test_Booking :Critical issue
2024-06-23 11:22:24,833 :INFO : test_Booking :clicking on the Booking icon
2024-06-23 11:22:25,819 :INFO : test_Booking :passed the name
2024-06-23 11:22:25,992 :INFO : test_Booking :passed the phone number
2024-06-23 11:22:26,209 :INFO : test_Booking :passed the email
2024-06-23 11:22:26,351 :INFO : test_Booking :passed the carname
2024-06-23 11:22:28,501 :INFO : test_Booking :passing the datefrom
2024-06-23 11:22:28,673 :INFO : test_Booking :passing the dateto
2024-06-23 11:22:33,150 :INFO : test_Booking :clicking submit
2024-06-23 11:41:35,402 :DEBUG : test_contact_us :A debug statement is executed
2024-06-23 11:41:35,403 :INFO : test_contact_us :Information statement
2024-06-23 11:41:35,403 :DEBUG : test_contact_us :A debug statement is executed
2024-06-23 11:41:35,403 :WARNING : test_contact_us :Something is in warning mode
2024-06-23 11:41:35,403 :ERROR : test_contact_us :A Major error has happend
2024-06-23 11:41:35,403 :CRITICAL : test_contact_us :Critical issue
2024-06-23 11:41:35,404 :INFO : test_contact_us :clicking on the Booking icon
2024-06-23 11:41:36,327 :INFO : test_contact_us :passed the Clientid
2024-06-23 11:41:36,508 :INFO : test_contact_us :passed the phone number
2024-06-23 11:41:36,671 :INFO : test_contact_us :passed the carproblem
2024-06-23 11:41:37,025 :INFO : test_contact_us :clicking submit
2024-06-23 11:41:51,462 :DEBUG : test_Booking :A debug statement is executed
2024-06-23 11:41:51,463 :INFO : test_Booking :Information statement
2024-06-23 11:41:51,463 :DEBUG : test_Booking :A debug statement is executed
2024-06-23 11:41:51,463 :WARNING : test_Booking :Something is in warning mode
2024-06-23 11:41:51,463 :ERROR : test_Booking :A Major error has happend
2024-06-23 11:41:51,463 :CRITICAL : test_Booking :Critical issue
2024-06-23 11:41:51,463 :INFO : test_Booking :clicking on the Booking icon
2024-06-23 11:41:52,424 :INFO : test_Booking :passed the name
2024-06-23 11:41:52,568 :INFO : test_Booking :passed the phone number
2024-06-23 11:41:52,763 :INFO : test_Booking :passed the email
2024-06-23 11:41:52,872 :INFO : test_Booking :passed the carname
2024-06-23 11:41:54,968 :INFO : test_Booking :passing the datefrom
2024-06-23 11:41:55,105 :INFO : test_Booking :passing the dateto
2024-06-23 11:41:57,289 :INFO : test_Booking :clicking submit
